Loading Dataset ...
  0%|          | 0/26 [00:00<?, ?it/s]100%|██████████| 26/26 [00:00<00:00, 544.44it/s]
Loading Dataset ...
  0%|          | 0/3 [00:00<?, ?it/s]100%|██████████| 3/3 [00:00<00:00, 519.55it/s]
Loading Dataset ...
  0%|          | 0/35 [00:00<?, ?it/s]100%|██████████| 35/35 [00:00<00:00, 595.09it/s]
Use visual memory: False
Ignore specific or non-exsting action type for error recognition: ['Normal']
Epoch: [1/10], Iter: [10/100] action_ce_loss:2.995	
Epoch: [1/10], Iter: [20/100] action_ce_loss:2.700	
Epoch: [1/10], Iter: [30/100] action_ce_loss:2.277	
Epoch: [1/10], Iter: [40/100] action_ce_loss:2.012	
Epoch: [1/10], Iter: [50/100] action_ce_loss:1.762	
Epoch: [1/10], Iter: [60/100] action_ce_loss:1.627	
Epoch: [1/10], Iter: [70/100] action_ce_loss:1.287	
Epoch: [1/10], Iter: [80/100] action_ce_loss:1.237	
Epoch: [1/10], Iter: [90/100] action_ce_loss:0.990	
Epoch: [1/10], Iter: [100/100] action_ce_loss:0.834	
Num of valid omitted sequences: 32
Evalutation Done...
Save best weight at epoch: 1
Epoch: [2/10], Iter: [10/100] action_ce_loss:0.789	
Epoch: [2/10], Iter: [20/100] action_ce_loss:0.691	
Epoch: [2/10], Iter: [30/100] action_ce_loss:0.559	
Epoch: [2/10], Iter: [40/100] action_ce_loss:0.497	
Epoch: [2/10], Iter: [50/100] action_ce_loss:0.441	
Epoch: [2/10], Iter: [60/100] action_ce_loss:0.473	
Epoch: [2/10], Iter: [70/100] action_ce_loss:0.329	
Epoch: [2/10], Iter: [80/100] action_ce_loss:0.424	
Epoch: [2/10], Iter: [90/100] action_ce_loss:0.366	
Epoch: [2/10], Iter: [100/100] action_ce_loss:0.341	
Num of valid omitted sequences: 32
Evalutation Done...
Save best weight at epoch: 2
Epoch: [3/10], Iter: [10/100] action_ce_loss:0.315	
Epoch: [3/10], Iter: [20/100] action_ce_loss:0.255	
Epoch: [3/10], Iter: [30/100] action_ce_loss:0.372	
Epoch: [3/10], Iter: [40/100] action_ce_loss:0.248	
Epoch: [3/10], Iter: [50/100] action_ce_loss:0.281	
Epoch: [3/10], Iter: [60/100] action_ce_loss:0.274	
Epoch: [3/10], Iter: [70/100] action_ce_loss:0.302	
Epoch: [3/10], Iter: [80/100] action_ce_loss:0.234	
Epoch: [3/10], Iter: [90/100] action_ce_loss:0.253	
Epoch: [3/10], Iter: [100/100] action_ce_loss:0.231	
Num of valid omitted sequences: 32
Evalutation Done...
Save best weight at epoch: 3
Epoch: [4/10], Iter: [10/100] action_ce_loss:0.305	
Epoch: [4/10], Iter: [20/100] action_ce_loss:0.199	
Epoch: [4/10], Iter: [30/100] action_ce_loss:0.214	
Epoch: [4/10], Iter: [40/100] action_ce_loss:0.253	
Epoch: [4/10], Iter: [50/100] action_ce_loss:0.242	
Epoch: [4/10], Iter: [60/100] action_ce_loss:0.305	
Epoch: [4/10], Iter: [70/100] action_ce_loss:0.196	
Epoch: [4/10], Iter: [80/100] action_ce_loss:0.192	
Epoch: [4/10], Iter: [90/100] action_ce_loss:0.256	
Epoch: [4/10], Iter: [100/100] action_ce_loss:0.173	
Num of valid omitted sequences: 32
Evalutation Done...
Save best weight at epoch: 4
Epoch: [5/10], Iter: [10/100] action_ce_loss:0.183	
Epoch: [5/10], Iter: [20/100] action_ce_loss:0.190	
Epoch: [5/10], Iter: [30/100] action_ce_loss:0.169	
Epoch: [5/10], Iter: [40/100] action_ce_loss:0.184	
Epoch: [5/10], Iter: [50/100] action_ce_loss:0.200	
Epoch: [5/10], Iter: [60/100] action_ce_loss:0.163	
Epoch: [5/10], Iter: [70/100] action_ce_loss:0.195	
Epoch: [5/10], Iter: [80/100] action_ce_loss:0.163	
Epoch: [5/10], Iter: [90/100] action_ce_loss:0.191	
Epoch: [5/10], Iter: [100/100] action_ce_loss:0.147	
Num of valid omitted sequences: 32
Evalutation Done...
Save best weight at epoch: 5
Epoch: [6/10], Iter: [10/100] action_ce_loss:0.170	
Epoch: [6/10], Iter: [20/100] action_ce_loss:0.185	
Epoch: [6/10], Iter: [30/100] action_ce_loss:0.134	
Epoch: [6/10], Iter: [40/100] action_ce_loss:0.158	
Epoch: [6/10], Iter: [50/100] action_ce_loss:0.169	
Epoch: [6/10], Iter: [60/100] action_ce_loss:0.150	
Epoch: [6/10], Iter: [70/100] action_ce_loss:0.141	
Epoch: [6/10], Iter: [80/100] action_ce_loss:0.150	
Epoch: [6/10], Iter: [90/100] action_ce_loss:0.172	
Epoch: [6/10], Iter: [100/100] action_ce_loss:0.155	
Num of valid omitted sequences: 32
Evalutation Done...
Save best weight at epoch: 6
Epoch: [7/10], Iter: [10/100] action_ce_loss:0.161	
Epoch: [7/10], Iter: [20/100] action_ce_loss:0.160	
Epoch: [7/10], Iter: [30/100] action_ce_loss:0.163	
Epoch: [7/10], Iter: [40/100] action_ce_loss:0.161	
Epoch: [7/10], Iter: [50/100] action_ce_loss:0.139	
Epoch: [7/10], Iter: [60/100] action_ce_loss:0.156	
Epoch: [7/10], Iter: [70/100] action_ce_loss:0.134	
Epoch: [7/10], Iter: [80/100] action_ce_loss:0.137	
Epoch: [7/10], Iter: [90/100] action_ce_loss:0.143	
Epoch: [7/10], Iter: [100/100] action_ce_loss:0.136	
Num of valid omitted sequences: 32
Evalutation Done...
Save best weight at epoch: 7
Epoch: [8/10], Iter: [10/100] action_ce_loss:0.124	
Epoch: [8/10], Iter: [20/100] action_ce_loss:0.140	
Epoch: [8/10], Iter: [30/100] action_ce_loss:0.131	
Epoch: [8/10], Iter: [40/100] action_ce_loss:0.116	
Epoch: [8/10], Iter: [50/100] action_ce_loss:0.129	
Epoch: [8/10], Iter: [60/100] action_ce_loss:0.124	
Epoch: [8/10], Iter: [70/100] action_ce_loss:0.141	
Epoch: [8/10], Iter: [80/100] action_ce_loss:0.137	
Epoch: [8/10], Iter: [90/100] action_ce_loss:0.120	
Epoch: [8/10], Iter: [100/100] action_ce_loss:0.125	
Num of valid omitted sequences: 32
Evalutation Done...
Epoch: [9/10], Iter: [10/100] action_ce_loss:0.142	
Epoch: [9/10], Iter: [20/100] action_ce_loss:0.116	
Epoch: [9/10], Iter: [30/100] action_ce_loss:0.114	
Epoch: [9/10], Iter: [40/100] action_ce_loss:0.116	
Epoch: [9/10], Iter: [50/100] action_ce_loss:0.135	
Epoch: [9/10], Iter: [60/100] action_ce_loss:0.104	
Epoch: [9/10], Iter: [70/100] action_ce_loss:0.112	
Epoch: [9/10], Iter: [80/100] action_ce_loss:0.103	
Epoch: [9/10], Iter: [90/100] action_ce_loss:0.105	
Epoch: [9/10], Iter: [100/100] action_ce_loss:0.116	
Num of valid omitted sequences: 32
Evalutation Done...
Epoch: [10/10], Iter: [10/100] action_ce_loss:0.101	
Epoch: [10/10], Iter: [20/100] action_ce_loss:0.117	
Epoch: [10/10], Iter: [30/100] action_ce_loss:0.112	
Epoch: [10/10], Iter: [40/100] action_ce_loss:0.108	
Epoch: [10/10], Iter: [50/100] action_ce_loss:0.118	
Epoch: [10/10], Iter: [60/100] action_ce_loss:0.112	
Epoch: [10/10], Iter: [70/100] action_ce_loss:0.111	
Epoch: [10/10], Iter: [80/100] action_ce_loss:0.111	
Epoch: [10/10], Iter: [90/100] action_ce_loss:0.106	
Epoch: [10/10], Iter: [100/100] action_ce_loss:0.102	
Num of valid omitted sequences: 32
Evalutation Done...
Save best weight at epoch: 10
